<?xml version="1.0" encoding="UTF-8"?>
<testng-results skipped="0" failed="0" total="1" passed="1">
  <reporter-output>
  </reporter-output>
  <suite name="Surefire suite" duration-ms="35" started-at="2019-03-11T09:12:38Z" finished-at="2019-03-11T09:12:38Z">
    <groups>
    </groups>
    <test name="Surefire test" duration-ms="35" started-at="2019-03-11T09:12:38Z" finished-at="2019-03-11T09:12:38Z">
      <class name="TestBuildWithParameters.TestBuildWithParameters.AppTest">
        <test-method status="PASS" signature="testApp()[pri:0, instance:testApp(TestBuildWithParameters.TestBuildWithParameters.AppTest)]" name="testApp" duration-ms="15" started-at="2019-03-11T14:42:38Z" finished-at="2019-03-11T14:42:38Z">
          <reporter-output>
          </reporter-output>
        </test-method> <!-- testApp -->
      </class> <!-- TestBuildWithParameters.TestBuildWithParameters.AppTest -->
    </test> <!-- Surefire test -->
  </suite> <!-- Surefire suite -->
</testng-results>
